<?xml version="1.0" encoding="UTF-8"?>
<testsuite xmlns:xsi="http://www.w3.org/2001/XMLSchema-instance" xsi:noNamespaceSchemaLocation="https://maven.apache.org/surefire/maven-surefire-plugin/xsd/surefire-test-report.xsd" name="me.zhulin.shopapi.ShopApiApplicationTests" time="0.35" tests="36" errors="0" skipped="0" failures="0">
  <properties>
[...]
</properties>
  <testcase name="deleteNoProductTest" classname="me.zhulin.shopapi.service.impl.CartServiceImplTest" time="0.014"/>
  <testcase name="deleteNoUserTest" classname="me.zhulin.shopapi.service.impl.CartServiceImplTest" time="0.006"/>
  <testcase name="mergeLocalCartTwoProductTest" classname="me.zhulin.shopapi.service.impl.CartServiceImplTest" time="0.007"/>
  <testcase name="mergeLocalCartTest" classname="me.zhulin.shopapi.service.impl.CartServiceImplTest" time="0.011"/>
  <testcase name="checkoutTest" classname="me.zhulin.shopapi.service.impl.CartServiceImplTest" time="0.008"/>
  <testcase name="deleteTest" classname="me.zhulin.shopapi.service.impl.CartServiceImplTest" time="0.005"/>
  <testcase name="deleteTest" classname="me.zhulin.shopapi.service.impl.ProductServiceImplTest" time="0.006"/>
  <testcase name="mergeLocalCartNoProductTest" classname="me.zhulin.shopapi.service.impl.CartServiceImplTest" time="0.006"/>
  <testcase name="findByCategoryTypeExceptionTest" classname="me.zhulin.shopapi.service.impl.CategoryServiceImplTest" time="0.006"/>
  <testcase name="findByCategoryTypeTest" classname="me.zhulin.shopapi.service.impl.CategoryServiceImplTest" time="0.006"/>
  <testcase name="cancelStatusCanceledTest" classname="me.zhulin.shopapi.service.impl.OrderServiceImplTest" time="0.006"/>
  <testcase name="finishStatusCanceledTest" classname="me.zhulin.shopapi.service.impl.OrderServiceImplTest" time="0.005"/>
  <testcase name="finishStatusFinishedTest" classname="me.zhulin.shopapi.service.impl.OrderServiceImplTest" time="0.007"/>
  <testcase name="cancelSuccessTest" classname="me.zhulin.shopapi.service.impl.OrderServiceImplTest" time="0.007"/>
  <testcase name="cancelStatusFinishTest" classname="me.zhulin.shopapi.service.impl.OrderServiceImplTest" time="0.008"/>
  <testcase name="cancelNoProduct" classname="me.zhulin.shopapi.service.impl.OrderServiceImplTest" time="0.007"/>
  <testcase name="finishSuccessTest" classname="me.zhulin.shopapi.service.impl.OrderServiceImplTest" time="0.006"/>
  <testcase name="findOneTest" classname="me.zhulin.shopapi.service.impl.ProductInOrderServiceImplTest" time="0.008"/>
  <testcase name="updateTest" classname="me.zhulin.shopapi.service.impl.ProductInOrderServiceImplTest" time="0.006"/>
  <testcase name="updateTest" classname="me.zhulin.shopapi.service.impl.ProductServiceImplTest" time="0.009"/>
  <testcase name="updateTest" classname="me.zhulin.shopapi.service.impl.UserServiceImplTest" time="0.012"/>
  <testcase name="deleteProductNullTest" classname="me.zhulin.shopapi.service.impl.ProductServiceImplTest" time="0.005"/>
  <testcase name="onSaleProductNullTest" classname="me.zhulin.shopapi.service.impl.ProductServiceImplTest" time="0.005"/>
  <testcase name="increaseStockExceptionTest" classname="me.zhulin.shopapi.service.impl.ProductServiceImplTest" time="0.005"/>
  <testcase name="decreaseStockTest" classname="me.zhulin.shopapi.service.impl.ProductServiceImplTest" time="0.007"/>
  <testcase name="offSaleStatusDownTest" classname="me.zhulin.shopapi.service.impl.ProductServiceImplTest" time="0.005"/>
  <testcase name="decreaseStockExceptionTest" classname="me.zhulin.shopapi.service.impl.ProductServiceImplTest" time="0.007"/>
  <testcase name="decreaseStockValueLesserEqualTest" classname="me.zhulin.shopapi.service.impl.ProductServiceImplTest" time="0.005"/>
  <testcase name="onSaleStatusUpTest" classname="me.zhulin.shopapi.service.impl.ProductServiceImplTest" time="0.007"/>
  <testcase name="onSaleTest" classname="me.zhulin.shopapi.service.impl.ProductServiceImplTest" time="0.004"/>
  <testcase name="offSaleProductNullTest" classname="me.zhulin.shopapi.service.impl.ProductServiceImplTest" time="0.009"/>
  <testcase name="increaseStockTest" classname="me.zhulin.shopapi.service.impl.ProductServiceImplTest" time="0.006"/>
  <testcase name="updateProductStatusBiggerThenOneTest" classname="me.zhulin.shopapi.service.impl.ProductServiceImplTest" time="0.006"/>
  <testcase name="offSaleTest" classname="me.zhulin.shopapi.service.impl.ProductServiceImplTest" time="0.009"/>
  <testcase name="createUserTest" classname="me.zhulin.shopapi.service.impl.UserServiceImplTest" time="0.006"/>
  <testcase name="createUserExceptionTest" classname="me.zhulin.shopapi.service.impl.UserServiceImplTest" time="0.004"/>
</testsuite>